0 info it worked if it ends with ok
1 verbose cli [ 'D:\\software\\node\\node.exe',
1 verbose cli   'C:\\Users\\lc\\AppData\\Roaming\\npm\\node_modules\\cnpm\\node_modules\\npm\\bin\\npm-cli.js',
1 verbose cli   '--userconfig=C:\\Users\\lc\\.cnpmrc',
1 verbose cli   '--disturl=https://npm.taobao.org/mirrors/node',
1 verbose cli   '--registry=https://registry.npm.taobao.org',
1 verbose cli   'run',
1 verbose cli   'projectTestDev' ]
2 info using npm@3.10.5
3 info using node@v7.10.0
4 verbose run-script [ 'preprojectTestDev', 'projectTestDev', 'postprojectTestDev' ]
5 info lifecycle front-project@1.0.0~preprojectTestDev: front-project@1.0.0
6 silly lifecycle front-project@1.0.0~preprojectTestDev: no script for preprojectTestDev, continuing
7 info lifecycle front-project@1.0.0~projectTestDev: front-project@1.0.0
8 verbose lifecycle front-project@1.0.0~projectTestDev: unsafe-perm in lifecycle true
9 verbose lifecycle front-project@1.0.0~projectTestDev: PATH: C:\Users\lc\AppData\Roaming\npm\node_modules\cnpm\node_modules\npm\bin\node-gyp-bin;E:\github\gulp-webpack\node_modules\.bin;D:\software\node;D:\software\Git\mingw32\bin;D:\software\Git\usr\bin;C:\Users\lc\bin;C:\Program Files (x86)\Intel\iCLS Client;C:\Program Files\Intel\iCLS Client;C:\Windows\system32;C:\Windows;C:\Windows\System32\Wbem;C:\Windows\System32\WindowsPowerShell\v1.0;C:\Program Files (x86)\NVIDIA Corporation\PhysX\Common;C:\Program Files (x86)\Intel\Intel(R) Management Engine Components\DAL;C:\Program Files\Intel\Intel(R) Management Engine Components\DAL;C:\Program Files (x86)\Intel\Intel(R) Management Engine Components\IPT;C:\Program Files\Intel\Intel(R) Management Engine Components\IPT;C:\WINDOWS\system32;C:\WINDOWS;C:\WINDOWS\System32\Wbem;C:\WINDOWS\System32\WindowsPowerShell\v1.0;C:\Program Files\Intel\WiFi\bin;C:\Program Files\Common Files\Intel\WirelessCommon;D:\software\tortoisegit\bin;D:\software\node;C:\Program Files\MySQL\MySQL Utilities 1.6;C:\Users\lc\AppData\Local\Microsoft\WindowsApps;C:\Users\lc\AppData\Roaming\npm
10 verbose lifecycle front-project@1.0.0~projectTestDev: CWD: E:\github\gulp-webpack
11 silly lifecycle front-project@1.0.0~projectTestDev: Args: [ '/d /s /c', 'set NODE_ENV=test::dev&&gulp' ]
12 silly lifecycle front-project@1.0.0~projectTestDev: Returned: code: 1  signal: null
13 info lifecycle front-project@1.0.0~projectTestDev: Failed to exec projectTestDev script
14 verbose stack Error: front-project@1.0.0 projectTestDev: `set NODE_ENV=test::dev&&gulp`
14 verbose stack Exit status 1
14 verbose stack     at EventEmitter.<anonymous> (C:\Users\lc\AppData\Roaming\npm\node_modules\cnpm\node_modules\npm\lib\utils\lifecycle.js:242:16)
14 verbose stack     at emitTwo (events.js:106:13)
14 verbose stack     at EventEmitter.emit (events.js:194:7)
14 verbose stack     at ChildProcess.<anonymous> (C:\Users\lc\AppData\Roaming\npm\node_modules\cnpm\node_modules\npm\lib\utils\spawn.js:40:14)
14 verbose stack     at emitTwo (events.js:106:13)
14 verbose stack     at ChildProcess.emit (events.js:194:7)
14 verbose stack     at maybeClose (internal/child_process.js:899:16)
14 verbose stack     at Process.ChildProcess._handle.onexit (internal/child_process.js:226:5)
15 verbose pkgid front-project@1.0.0
16 verbose cwd E:\github\gulp-webpack
17 error Windows_NT 10.0.15063
18 error argv "D:\\software\\node\\node.exe" "C:\\Users\\lc\\AppData\\Roaming\\npm\\node_modules\\cnpm\\node_modules\\npm\\bin\\npm-cli.js" "--userconfig=C:\\Users\\lc\\.cnpmrc" "--disturl=https://npm.taobao.org/mirrors/node" "--registry=https://registry.npm.taobao.org" "run" "projectTestDev"
19 error node v7.10.0
20 error npm  v3.10.5
21 error code ELIFECYCLE
22 error front-project@1.0.0 projectTestDev: `set NODE_ENV=test::dev&&gulp`
22 error Exit status 1
23 error Failed at the front-project@1.0.0 projectTestDev script 'set NODE_ENV=test::dev&&gulp'.
23 error Make sure you have the latest version of node.js and npm installed.
23 error If you do, this is most likely a problem with the front-project package,
23 error not with npm itself.
23 error Tell the author that this fails on your system:
23 error     set NODE_ENV=test::dev&&gulp
23 error You can get information on how to open an issue for this project with:
23 error     npm bugs front-project
23 error Or if that isn't available, you can get their info via:
23 error     npm owner ls front-project
23 error There is likely additional logging output above.
24 verbose exit [ 1, true ]
